Started GET "/" for 172.27.0.1 at 2019-11-11 23:58:07 +0000
Cannot render console from 172.27.0.1! Allowed networks: 122.29.85.75, 127.0.0.0/127.255.255.255, ::1
  
ActiveRecord::NoDatabaseError (Unknown database 'myapp_development'):
  
activerecord (5.1.7) lib/active_record/connection_adapters/mysql2_adapter.rb:25:in `rescue in mysql2_connection'
activerecord (5.1.7) lib/active_record/connection_adapters/mysql2_adapter.rb:11:in `mysql2_connection'
activerecord (5.1.7) lib/active_record/connection_adapters/abstract/connection_pool.rb:761:in `new_connection'
activerecord (5.1.7) lib/active_record/connection_adapters/abstract/connection_pool.rb:805:in `checkout_new_connection'
activerecord (5.1.7) lib/active_record/connection_adapters/abstract/connection_pool.rb:784:in `try_to_checkout_new_connection'
activerecord (5.1.7) lib/active_record/connection_adapters/abstract/connection_pool.rb:745:in `acquire_connection'
activerecord (5.1.7) lib/active_record/connection_adapters/abstract/connection_pool.rb:502:in `checkout'
activerecord (5.1.7) lib/active_record/connection_adapters/abstract/connection_pool.rb:376:in `connection'
activerecord (5.1.7) lib/active_record/connection_adapters/abstract/connection_pool.rb:933:in `retrieve_connection'
activerecord (5.1.7) lib/active_record/connection_handling.rb:116:in `retrieve_connection'
activerecord (5.1.7) lib/active_record/connection_handling.rb:88:in `connection'
activerecord (5.1.7) lib/active_record/migration.rb:562:in `connection'
activerecord (5.1.7) lib/active_record/migration.rb:553:in `call'
actionpack (5.1.7) lib/action_dispatch/middleware/callbacks.rb:26:in `block in call'
activesupport (5.1.7) lib/active_support/callbacks.rb:97:in `run_callbacks'
actionpack (5.1.7) lib/action_dispatch/middleware/callbacks.rb:24:in `call'
actionpack (5.1.7) lib/action_dispatch/middleware/executor.rb:12:in `call'
actionpack (5.1.7) lib/action_dispatch/middleware/debug_exceptions.rb:59:in `call'
web-console (3.7.0) lib/web_console/middleware.rb:135:in `call_app'
web-console (3.7.0) lib/web_console/middleware.rb:22:in `block in call'
web-console (3.7.0) lib/web_console/middleware.rb:20:in `catch'
web-console (3.7.0) lib/web_console/middleware.rb:20:in `call'
actionpack (5.1.7) lib/action_dispatch/middleware/show_exceptions.rb:31:in `call'
railties (5.1.7) lib/rails/rack/logger.rb:36:in `call_app'
railties (5.1.7) lib/rails/rack/logger.rb:24:in `block in call'
activesupport (5.1.7) lib/active_support/tagged_logging.rb:69:in `block in tagged'
activesupport (5.1.7) lib/active_support/tagged_logging.rb:26:in `tagged'
activesupport (5.1.7) lib/active_support/tagged_logging.rb:69:in `tagged'
railties (5.1.7) lib/rails/rack/logger.rb:24:in `call'
sprockets-rails (3.2.1) lib/sprockets/rails/quiet_assets.rb:13:in `call'
actionpack (5.1.7) lib/action_dispatch/middleware/remote_ip.rb:79:in `call'
actionpack (5.1.7) lib/action_dispatch/middleware/request_id.rb:25:in `call'
rack (2.0.7) lib/rack/method_override.rb:22:in `call'
rack (2.0.7) lib/rack/runtime.rb:22:in `call'
activesupport (5.1.7) lib/active_support/cache/strategy/local_cache_middleware.rb:27:in `call'
actionpack (5.1.7) lib/action_dispatch/middleware/executor.rb:12:in `call'
actionpack (5.1.7) lib/action_dispatch/middleware/static.rb:125:in `call'
rack (2.0.7) lib/rack/sendfile.rb:111:in `call'
railties (5.1.7) lib/rails/engine.rb:522:in `call'
puma (3.12.1) lib/puma/configuration.rb:227:in `call'
puma (3.12.1) lib/puma/server.rb:660:in `handle_request'
puma (3.12.1) lib/puma/server.rb:474:in `process_client'
puma (3.12.1) lib/puma/server.rb:334:in `block in run'
puma (3.12.1) lib/puma/thread_pool.rb:135:in `block in spawn_thread'
  [1m[35m (0.6ms)[0m  [1m[35mSET NAMES utf8mb4,  @@SESSION.sql_mode = CONCAT(CONCAT(@@sql_mode, ',STRICT_ALL_TABLES'), ',NO_AUTO_VALUE_ON_ZERO'),  @@SESSION.sql_auto_is_null = 0, @@SESSION.wait_timeout = 2147483[0m
  [1m[35m (22.9ms)[0m  [1m[35mCREATE TABLE `schema_migrations` (`version` varchar(255) COLLATE utf8_general_ci NOT NULL PRIMARY KEY) ENGINE=InnoDB[0m
  [1m[35m (23.8ms)[0m  [1m[35mCREATE TABLE `ar_internal_metadata` (`key` varchar(255) COLLATE utf8_general_ci NOT NULL PRIMARY KEY, `value` varchar(255), `created_at` datetime NOT NULL, `updated_at` datetime NOT NULL) ENGINE=InnoDB[0m
  [1m[35m (0.3ms)[0m  [1m[34mSELECT GET_LOCK('7864839756650184315', 0)[0m
  [1m[35m (0.5ms)[0m  [1m[34mSELECT `schema_migrations`.`version` FROM `schema_migrations` ORDER BY `schema_migrations`.`version` ASC[0m
Migrating to DeviseCreateUsers (20190924124841)
  [1m[35m (37.3ms)[0m  [1m[35mCREATE TABLE `users` (`id` bigint NOT NULL AUTO_INCREMENT PRIMARY KEY, `email` varchar(255) DEFAULT '' NOT NULL, `encrypted_password` varchar(255) DEFAULT '' NOT NULL, `reset_password_token` varchar(255), `reset_password_sent_at` datetime, `remember_created_at` datetime, `confirmation_token` varchar(255), `confirmed_at` datetime, `confirmation_sent_at` datetime, `unconfirmed_email` varchar(255), `created_at` datetime NOT NULL, `updated_at` datetime NOT NULL) ENGINE=InnoDB[0m
  [1m[35m (36.7ms)[0m  [1m[35mCREATE UNIQUE INDEX `index_users_on_email`  ON `users` (`email`) [0m
  [1m[35m (33.7ms)[0m  [1m[35mCREATE UNIQUE INDEX `index_users_on_reset_password_token`  ON `users` (`reset_password_token`) [0m
  [1m[35m (0.6ms)[0m  [1m[35mBEGIN[0m
  [1m[35mSQL (0.7ms)[0m  [1m[32mINSERT INTO `schema_migrations` (`version`) VALUES ('20190924124841')[0m
  [1m[35m (0.7ms)[0m  [1m[35mCOMMIT[0m
Migrating to DeviseCreateAdmins (20190924124842)
  [1m[35m (36.4ms)[0m  [1m[35mCREATE TABLE `admins` (`id` bigint NOT NULL AUTO_INCREMENT PRIMARY KEY, `email` varchar(255) DEFAULT '' NOT NULL, `encrypted_password` varchar(255) DEFAULT '' NOT NULL, `reset_password_token` varchar(255), `reset_password_sent_at` datetime, `remember_created_at` datetime, `created_at` datetime NOT NULL, `updated_at` datetime NOT NULL) ENGINE=InnoDB[0m
  [1m[35m (29.6ms)[0m  [1m[35mCREATE UNIQUE INDEX `index_admins_on_email`  ON `admins` (`email`) [0m
  [1m[35m (29.5ms)[0m  [1m[35mCREATE UNIQUE INDEX `index_admins_on_reset_password_token`  ON `admins` (`reset_password_token`) [0m
  [1m[35m (0.6ms)[0m  [1m[35mBEGIN[0m
  [1m[35mSQL (1.3ms)[0m  [1m[32mINSERT INTO `schema_migrations` (`version`) VALUES ('20190924124842')[0m
  [1m[35m (1.7ms)[0m  [1m[35mCOMMIT[0m
Migrating to CreateProducts (20190924125726)
  [1m[35m (27.0ms)[0m  [1m[35mCREATE TABLE `products` (`id` bigint NOT NULL AUTO_INCREMENT PRIMARY KEY, `admin_id` bigint NOT NULL, `name` varchar(255) NOT NULL, `description` text NOT NULL, `price` int NOT NULL, `image` varchar(255) NOT NULL, `created_at` datetime NOT NULL, `updated_at` datetime NOT NULL,  INDEX `index_products_on_admin_id`  (`admin_id`)) ENGINE=InnoDB[0m
  [1m[35m (0.8ms)[0m  [1m[35mBEGIN[0m
  [1m[35mSQL (0.8ms)[0m  [1m[32mINSERT INTO `schema_migrations` (`version`) VALUES ('20190924125726')[0m
  [1m[35m (1.0ms)[0m  [1m[35mCOMMIT[0m
Migrating to CreateBaskets (20190925050420)
  [1m[35m (25.1ms)[0m  [1m[35mCREATE TABLE `baskets` (`id` bigint NOT NULL AUTO_INCREMENT PRIMARY KEY, `user_id` bigint NOT NULL, `created_at` datetime NOT NULL, `updated_at` datetime NOT NULL,  INDEX `index_baskets_on_user_id`  (`user_id`)) ENGINE=InnoDB[0m
  [1m[35m (0.5ms)[0m  [1m[35mBEGIN[0m
  [1m[35mSQL (0.7ms)[0m  [1m[32mINSERT INTO `schema_migrations` (`version`) VALUES ('20190925050420')[0m
  [1m[35m (0.7ms)[0m  [1m[35mCOMMIT[0m
Migrating to CreateBasketProducts (20190925051353)
  [1m[35m (33.6ms)[0m  [1m[35mCREATE TABLE `basket_products` (`id` bigint NOT NULL AUTO_INCREMENT PRIMARY KEY, `basket_id` bigint NOT NULL, `product_id` bigint NOT NULL, `created_at` datetime NOT NULL, `updated_at` datetime NOT NULL,  INDEX `index_basket_products_on_basket_id`  (`basket_id`),  INDEX `index_basket_products_on_product_id`  (`product_id`)) ENGINE=InnoDB[0m
  [1m[35m (0.5ms)[0m  [1m[35mBEGIN[0m
  [1m[35mSQL (0.6ms)[0m  [1m[32mINSERT INTO `schema_migrations` (`version`) VALUES ('20190925051353')[0m
  [1m[35m (0.9ms)[0m  [1m[35mCOMMIT[0m
Migrating to CreatePurchaseRecords (20190925123243)
  [1m[35m (25.5ms)[0m  [1m[35mCREATE TABLE `purchase_records` (`id` bigint NOT NULL AUTO_INCREMENT PRIMARY KEY, `user_id` bigint NOT NULL, `created_at` datetime NOT NULL, `updated_at` datetime NOT NULL,  INDEX `index_purchase_records_on_user_id`  (`user_id`)) ENGINE=InnoDB[0m
  [1m[35m (0.6ms)[0m  [1m[35mBEGIN[0m
  [1m[35mSQL (0.6ms)[0m  [1m[32mINSERT INTO `schema_migrations` (`version`) VALUES ('20190925123243')[0m
  [1m[35m (0.9ms)[0m  [1m[35mCOMMIT[0m
Migrating to CreatePurchaseRecordProducts (20190925123247)
  [1m[35m (33.9ms)[0m  [1m[35mCREATE TABLE `purchase_record_products` (`id` bigint NOT NULL AUTO_INCREMENT PRIMARY KEY, `purchase_record_id` bigint NOT NULL, `product_id` bigint NOT NULL, `created_at` datetime NOT NULL, `updated_at` datetime NOT NULL,  INDEX `index_purchase_record_products_on_purchase_record_id`  (`purchase_record_id`),  INDEX `index_purchase_record_products_on_product_id`  (`product_id`)) ENGINE=InnoDB[0m
  [1m[35m (0.5ms)[0m  [1m[35mBEGIN[0m
  [1m[35mSQL (0.6ms)[0m  [1m[32mINSERT INTO `schema_migrations` (`version`) VALUES ('20190925123247')[0m
  [1m[35m (0.8ms)[0m  [1m[35mCOMMIT[0m
  [1m[36mActiveRecord::InternalMetadata Load (0.4ms)[0m  [1m[34mSELECT  `ar_internal_metadata`.* FROM `ar_internal_metadata` WHERE `ar_internal_metadata`.`key` = 'environment' LIMIT 1[0m
  [1m[35m (0.3ms)[0m  [1m[35mBEGIN[0m
  [1m[35mSQL (0.5ms)[0m  [1m[32mINSERT INTO `ar_internal_metadata` (`key`, `value`, `created_at`, `updated_at`) VALUES ('environment', 'development', '2019-11-11 23:59:07', '2019-11-11 23:59:07')[0m
  [1m[35m (0.8ms)[0m  [1m[35mCOMMIT[0m
  [1m[35m (0.4ms)[0m  [1m[34mSELECT RELEASE_LOCK('7864839756650184315')[0m
  [1m[35m (0.4ms)[0m  [1m[34mSELECT `schema_migrations`.`version` FROM `schema_migrations` ORDER BY `schema_migrations`.`version` ASC[0m
Started GET "/" for 172.27.0.1 at 2019-11-11 23:59:15 +0000
Cannot render console from 172.27.0.1! Allowed networks: 122.29.85.75, 127.0.0.0/127.255.255.255, ::1
  [1m[35m (0.6ms)[0m  [1m[35mSET NAMES utf8mb4,  @@SESSION.sql_mode = CONCAT(CONCAT(@@sql_mode, ',STRICT_ALL_TABLES'), ',NO_AUTO_VALUE_ON_ZERO'),  @@SESSION.sql_auto_is_null = 0, @@SESSION.wait_timeout = 2147483[0m
  [1m[35m (0.5ms)[0m  [1m[34mSELECT `schema_migrations`.`version` FROM `schema_migrations` ORDER BY `schema_migrations`.`version` ASC[0m
Processing by ProductsController#index as HTML
  Rendering products/index.html.haml within layouts/application
  [1m[35m (0.4ms)[0m  [1m[34mSELECT COUNT(*) FROM `products`[0m
  [1m[36mProduct Load (0.5ms)[0m  [1m[34mSELECT  `products`.* FROM `products` LIMIT 20 OFFSET 0[0m
  Rendered products/index.html.haml within layouts/application (1343.5ms)
Completed 200 OK in 8272ms (Views: 8188.3ms | ActiveRecord: 3.0ms)


Started GET "/" for 172.28.0.1 at 2019-11-12 00:00:20 +0000
Cannot render console from 172.28.0.1! Allowed networks: 122.29.85.75, 127.0.0.0/127.255.255.255, ::1
  [1m[35m (0.6ms)[0m  [1m[35mSET NAMES utf8mb4,  @@SESSION.sql_mode = CONCAT(CONCAT(@@sql_mode, ',STRICT_ALL_TABLES'), ',NO_AUTO_VALUE_ON_ZERO'),  @@SESSION.sql_auto_is_null = 0, @@SESSION.wait_timeout = 2147483[0m
  [1m[35m (0.4ms)[0m  [1m[34mSELECT `schema_migrations`.`version` FROM `schema_migrations` ORDER BY `schema_migrations`.`version` ASC[0m
Processing by ProductsController#index as HTML
  Rendering products/index.html.haml within layouts/application
  [1m[35m (0.4ms)[0m  [1m[34mSELECT COUNT(*) FROM `products`[0m
  [1m[36mProduct Load (0.5ms)[0m  [1m[34mSELECT  `products`.* FROM `products` LIMIT 20 OFFSET 0[0m
  Rendered products/index.html.haml within layouts/application (1400.6ms)
Completed 200 OK in 2468ms (Views: 2393.3ms | ActiveRecord: 4.6ms)


  [1m[35m (0.9ms)[0m  [1m[35mSET NAMES utf8mb4,  @@SESSION.sql_mode = CONCAT(CONCAT(@@sql_mode, ',STRICT_ALL_TABLES'), ',NO_AUTO_VALUE_ON_ZERO'),  @@SESSION.sql_auto_is_null = 0, @@SESSION.wait_timeout = 2147483[0m
  [1m[35m (0.9ms)[0m  [1m[34mSELECT `schema_migrations`.`version` FROM `schema_migrations` ORDER BY `schema_migrations`.`version` ASC[0m
  [1m[35m (0.4ms)[0m  [1m[35mBEGIN[0m
  [1m[36mAdmin Load (0.7ms)[0m  [1m[34mSELECT  `admins`.* FROM `admins` WHERE `admins`.`id` = 1 LIMIT 1[0m
  [1m[35m (0.4ms)[0m  [1m[31mROLLBACK[0m
  [1m[35m (0.8ms)[0m  [1m[35mSET NAMES utf8mb4,  @@SESSION.sql_mode = CONCAT(CONCAT(@@sql_mode, ',STRICT_ALL_TABLES'), ',NO_AUTO_VALUE_ON_ZERO'),  @@SESSION.sql_auto_is_null = 0, @@SESSION.wait_timeout = 2147483[0m
  [1m[35m (0.5ms)[0m  [1m[35mBEGIN[0m
  [1m[36mAdmin Exists (3.3ms)[0m  [1m[34mSELECT  1 AS one FROM `admins` WHERE `admins`.`email` = BINARY 'a@gmail.com' LIMIT 1[0m
  [1m[35mSQL (0.6ms)[0m  [1m[32mINSERT INTO `admins` (`email`, `encrypted_password`, `created_at`, `updated_at`) VALUES ('a@gmail.com', '$2a$11$jotaChmcOMrrqdoe3NyeaeS2XRCziL1RkIqQqitFMI.BHQ21zFBsy', '2019-11-12 00:02:47', '2019-11-12 00:02:47')[0m
  [1m[35m (0.9ms)[0m  [1m[35mCOMMIT[0m
  [1m[35m (0.8ms)[0m  [1m[35mSET NAMES utf8mb4,  @@SESSION.sql_mode = CONCAT(CONCAT(@@sql_mode, ',STRICT_ALL_TABLES'), ',NO_AUTO_VALUE_ON_ZERO'),  @@SESSION.sql_auto_is_null = 0, @@SESSION.wait_timeout = 2147483[0m
  [1m[35m (0.8ms)[0m  [1m[34mSELECT `schema_migrations`.`version` FROM `schema_migrations` ORDER BY `schema_migrations`.`version` ASC[0m
  [1m[35m (0.4ms)[0m  [1m[35mBEGIN[0m
  [1m[36mAdmin Load (0.5ms)[0m  [1m[34mSELECT  `admins`.* FROM `admins` WHERE `admins`.`id` = 1 LIMIT 1[0m
  [1m[35mSQL (0.5ms)[0m  [1m[32mINSERT INTO `products` (`admin_id`, `name`, `description`, `price`, `image`, `created_at`, `updated_at`) VALUES (1, 'The Last Temptation', 'è€é½¢ é¦¬ é»’æ¿ã€‚ã€€ã¨ã¡ã‚‡ã† å±ˆã‚€ ã“ããµãã™ã‚‹ã€‚', 83832, 'image.jpg', '2019-11-12 00:03:04', '2019-11-12 00:03:04')[0m
  [1m[35m (1.0ms)[0m  [1m[35mCOMMIT[0m
  [1m[35m (0.4ms)[0m  [1m[35mBEGIN[0m
  [1m[36mAdmin Load (0.6ms)[0m  [1m[34mSELECT  `admins`.* FROM `admins` WHERE `admins`.`id` = 1 LIMIT 1[0m
  [1m[35mSQL (0.5ms)[0m  [1m[32mINSERT INTO `products` (`admin_id`, `name`, `description`, `price`, `image`, `created_at`, `updated_at`) VALUES (1, 'Everything is Illuminated', 'ç¢ å°ç­’ ã¿ãªã‚‚ã¨ã€‚ã€€åº—èˆ— ã†ãˆã‚‹ å¥½ãã€‚', 46968, 'image.jpg', '2019-11-12 00:03:05', '2019-11-12 00:03:05')[0m
  [1m[35m (0.8ms)[0m  [1m[35mCOMMIT[0m
  [1m[35m (0.3ms)[0m  [1m[35mBEGIN[0m
  [1m[36mAdmin Load (0.5ms)[0m  [1m[34mSELECT  `admins`.* FROM `admins` WHERE `admins`.`id` = 1 LIMIT 1[0m
  [1m[35mSQL (0.4ms)[0m  [1m[32mINSERT INTO `products` (`admin_id`, `name`, `description`, `price`, `image`, `created_at`, `updated_at`) VALUES (1, 'Postern of Fate', 'é–å›½ç¥žç¤¾ ã‹ã„ ç™½èŠã€‚ã€€ã“ã‚ã™ çµ¹ç³¸ ãµã•ã„ã€‚', 38471, 'image.jpg', '2019-11-12 00:03:05', '2019-11-12 00:03:05')[0m
  [1m[35m (0.7ms)[0m  [1m[35mCOMMIT[0m
  [1m[35m (0.3ms)[0m  [1m[35mBEGIN[0m
  [1m[36mAdmin Load (0.5ms)[0m  [1m[34mSELECT  `admins`.* FROM `admins` WHERE `admins`.`id` = 1 LIMIT 1[0m
  [1m[35mSQL (0.4ms)[0m  [1m[32mINSERT INTO `products` (`admin_id`, `name`, `description`, `price`, `image`, `created_at`, `updated_at`) VALUES (1, 'A Time to Kill', 'æ¡œè‰² å¦¥å”ã™ã‚‹ åŒã€‚ã€€æ ã•ãã¾ã‚ã‚Š æ©Ÿå«Œã€‚', 28497, 'image.jpg', '2019-11-12 00:03:05', '2019-11-12 00:03:05')[0m
  [1m[35m (0.7ms)[0m  [1m[35mCOMMIT[0m
  [1m[35m (0.4ms)[0m  [1m[35mBEGIN[0m
  [1m[36mAdmin Load (0.5ms)[0m  [1m[34mSELECT  `admins`.* FROM `admins` WHERE `admins`.`id` = 1 LIMIT 1[0m
  [1m[35mSQL (0.4ms)[0m  [1m[32mINSERT INTO `products` (`admin_id`, `name`, `description`, `price`, `image`, `created_at`, `updated_at`) VALUES (1, 'A Time of Gifts', 'æ®» ä»•äº‹ ã‚ã„ã—ã‚‡ã€‚ã€€ã˜ãžã† è¡€æ¶² éƒ¨é¦–ã€‚', 6641, 'image.jpg', '2019-11-12 00:03:05', '2019-11-12 00:03:05')[0m
  [1m[35m (0.8ms)[0m  [1m[35mCOMMIT[0m
  [1m[35m (0.3ms)[0m  [1m[35mBEGIN[0m
  [1m[36mAdmin Load (0.5ms)[0m  [1m[34mSELECT  `admins`.* FROM `admins` WHERE `admins`.`id` = 1 LIMIT 1[0m
  [1m[35mSQL (0.4ms)[0m  [1m[32mINSERT INTO `products` (`admin_id`, `name`, `description`, `price`, `image`, `created_at`, `updated_at`) VALUES (1, 'Time of our Darkness', 'ã‚ã„ã—ã‚‡ ã«ã‚‹ å§”å“¡ã€‚ã€€ã¨ã†ã ã„ã† ã‹ã¡ã‚…ã†ã€‚', 74114, 'image.jpg', '2019-11-12 00:03:05', '2019-11-12 00:03:05')[0m
  [1m[35m (0.7ms)[0m  [1m[35mCOMMIT[0m
  [1m[35m (0.4ms)[0m  [1m[35mBEGIN[0m
  [1m[36mAdmin Load (0.5ms)[0m  [1m[34mSELECT  `admins`.* FROM `admins` WHERE `admins`.`id` = 1 LIMIT 1[0m
  [1m[35mSQL (0.4ms)[0m  [1m[32mINSERT INTO `products` (`admin_id`, `name`, `description`, `price`, `image`, `created_at`, `updated_at`) VALUES (1, 'This Lime Tree Bower', 'ãã‚‡ã†ã¯ã‚“ã—ã‚ƒ é£½ãã¾ã§ã‚‚ ä»•æ–¹ãŒãªã„ã€‚ã€€ãã‚…ã†ã‚Šã‚‡ã† é¢ç© ä¸å¥åº·ã€‚', 19491, 'image.jpg', '2019-11-12 00:03:05', '2019-11-12 00:03:05')[0m
  [1m[35m (0.8ms)[0m  [1m[35mCOMMIT[0m
  [1m[35m (0.7ms)[0m  [1m[35mBEGIN[0m
  [1m[36mAdmin Load (0.5ms)[0m  [1m[34mSELECT  `admins`.* FROM `admins` WHERE `admins`.`id` = 1 LIMIT 1[0m
  [1m[35mSQL (0.5ms)[0m  [1m[32mINSERT INTO `products` (`admin_id`, `name`, `description`, `price`, `image`, `created_at`, `updated_at`) VALUES (1, 'The Sun Also Rises', 'åº— é‡‘æ˜Ÿ ã—ã‚‡ã†ã‹ã™ã‚‹ã€‚ã€€ã—ã‚ƒã“ æ˜Žæ²» ã‹ã„ãŸãã€‚', 3907, 'image.jpg', '2019-11-12 00:03:05', '2019-11-12 00:03:05')[0m
  [1m[35m (0.9ms)[0m  [1m[35mCOMMIT[0m
  [1m[35m (0.3ms)[0m  [1m[35mBEGIN[0m
  [1m[36mAdmin Load (0.5ms)[0m  [1m[34mSELECT  `admins`.* FROM `admins` WHERE `admins`.`id` = 1 LIMIT 1[0m
  [1m[35mSQL (0.4ms)[0m  [1m[32mINSERT INTO `products` (`admin_id`, `name`, `description`, `price`, `image`, `created_at`, `updated_at`) VALUES (1, 'Far From the Madding Crowd', 'å“€ã‚Œã‚€ çŠ ç‰² é›¶ã™ã€‚ã€€ã—ã‚‡ã†ã‹ã™ã‚‹ ç‹‚ã† å¡¾ç”Ÿã€‚', 28468, 'image.jpg', '2019-11-12 00:03:06', '2019-11-12 00:03:06')[0m
  [1m[35m (0.8ms)[0m  [1m[35mCOMMIT[0m
  [1m[35m (0.4ms)[0m  [1m[35mBEGIN[0m
  [1m[36mAdmin Load (0.5ms)[0m  [1m[34mSELECT  `admins`.* FROM `admins` WHERE `admins`.`id` = 1 LIMIT 1[0m
  [1m[35mSQL (0.4ms)[0m  [1m[32mINSERT INTO `products` (`admin_id`, `name`, `description`, `price`, `image`, `created_at`, `updated_at`) VALUES (1, 'Look Homeward, Angel', 'è»’ ã—ã‚‡ã†ã‚† å ±ã˜ã‚‹ã€‚ã€€ã¶ãã† ä¸Šæ‰‹ æµ®ä¸–çµµã€‚', 33415, 'image.jpg', '2019-11-12 00:03:06', '2019-11-12 00:03:06')[0m
  [1m[35m (0.8ms)[0m  [1m[35mCOMMIT[0m
  [1m[35m (0.4ms)[0m  [1m[35mBEGIN[0m
  [1m[36mAdmin Load (0.5ms)[0m  [1m[34mSELECT  `admins`.* FROM `admins` WHERE `admins`.`id` = 1 LIMIT 1[0m
  [1m[35mSQL (0.4ms)[0m  [1m[32mINSERT INTO `products` (`admin_id`, `name`, `description`, `price`, `image`, `created_at`, `updated_at`) VALUES (1, 'The Last Temptation', 'å…ˆé€± ä¿µ æ¶²ä½“ã€‚ã€€è¶…ã€œ ãµãã¸ã„ ç´„ã™ã‚‹ã€‚', 40813, 'image.jpg', '2019-11-12 00:03:06', '2019-11-12 00:03:06')[0m
  [1m[35m (0.6ms)[0m  [1m[35mCOMMIT[0m
  [1m[35m (0.4ms)[0m  [1m[35mBEGIN[0m
  [1m[36mAdmin Load (0.5ms)[0m  [1m[34mSELECT  `admins`.* FROM `admins` WHERE `admins`.`id` = 1 LIMIT 1[0m
  [1m[35mSQL (0.4ms)[0m  [1m[32mINSERT INTO `products` (`admin_id`, `name`, `description`, `price`, `image`, `created_at`, `updated_at`) VALUES (1, 'The Moving Toyshop', 'åˆã† çŠ ç‰² ãã‚‡ã†ã©ã†ã€‚ã€€é®æ–­ å¹³å®‰ ã‹ã‚“ã˜ã‚‹ã€‚', 48433, 'image.jpg', '2019-11-12 00:03:06', '2019-11-12 00:03:06')[0m
  [1m[35m (0.7ms)[0m  [1m[35mCOMMIT[0m
  [1m[35m (0.4ms)[0m  [1m[35mBEGIN[0m
  [1m[36mAdmin Load (0.5ms)[0m  [1m[34mSELECT  `admins`.* FROM `admins` WHERE `admins`.`id` = 1 LIMIT 1[0m
  [1m[35mSQL (0.4ms)[0m  [1m[32mINSERT INTO `products` (`admin_id`, `name`, `description`, `price`, `image`, `created_at`, `updated_at`) VALUES (1, 'Beyond the Mexique Bay', 'å¥‡è¥² æžœæ¨¹ ã»ã€‚ã€€ä¼çµ± å¥‰ä»• ã›ã„ã˜ã‚‡ã†, ã—ã‚‡ã†ã˜ã‚‡ã†ã€‚', 4924, 'image.jpg', '2019-11-12 00:03:06', '2019-11-12 00:03:06')[0m
  [1m[35m (0.7ms)[0m  [1m[35mCOMMIT[0m
  [1m[35m (0.4ms)[0m  [1m[35mBEGIN[0m
  [1m[36mAdmin Load (0.5ms)[0m  [1m[34mSELECT  `admins`.* FROM `admins` WHERE `admins`.`id` = 1 LIMIT 1[0m
  [1m[35mSQL (0.4ms)[0m  [1m[32mINSERT INTO `products` (`admin_id`, `name`, `description`, `price`, `image`, `created_at`, `updated_at`) VALUES (1, 'From Here to Eternity', 'ã‚Šã‚…ã†ã“ã†ã” ã»ã«ã‚…ã†ã³ã‚“ ã“ã‚ã™ã€‚ã€€ã¯ã¡ã®ã™, ãƒãƒã®ã™ åŠ©æ‰‹ éš†èµ·ã€‚', 90478, 'image.jpg', '2019-11-12 00:03:06', '2019-11-12 00:03:06')[0m
  [1m[35m (0.7ms)[0m  [1m[35mCOMMIT[0m
  [1m[35m (0.6ms)[0m  [1m[35mBEGIN[0m
  [1m[36mAdmin Load (0.6ms)[0m  [1m[34mSELECT  `admins`.* FROM `admins` WHERE `admins`.`id` = 1 LIMIT 1[0m
  [1m[35mSQL (0.6ms)[0m  [1m[32mINSERT INTO `products` (`admin_id`, `name`, `description`, `price`, `image`, `created_at`, `updated_at`) VALUES (1, 'To Sail Beyond the Sunset', 'ã¾ã‚‚ã‚‹ ã‹ãŠã¤ã ä¿µã€‚ã€€ãã‚“ ãŠã¨ã¨ã„, ã„ã£ã•ãã˜ã¤ ä¸æ€è­°ã€‚', 4946, 'image.jpg', '2019-11-12 00:03:07', '2019-11-12 00:03:07')[0m
  [1m[35m (0.8ms)[0m  [1m[35mCOMMIT[0m
  [1m[35m (0.4ms)[0m  [1m[35mBEGIN[0m
  [1m[36mAdmin Load (0.6ms)[0m  [1m[34mSELECT  `admins`.* FROM `admins` WHERE `admins`.`id` = 1 LIMIT 1[0m
  [1m[35mSQL (0.5ms)[0m  [1m[32mINSERT INTO `products` (`admin_id`, `name`, `description`, `price`, `image`, `created_at`, `updated_at`) VALUES (1, 'Cover Her Face', 'ã”ãµã å‡ºç‰ˆ ã‚€ã‚‰ã•ãã„ã‚ã€‚ã€€å·¦æ‰‹ ã©ã†ã‘ã¤ ã”ã†ã‘ã‚“ã€‚', 92575, 'image.jpg', '2019-11-12 00:03:07', '2019-11-12 00:03:07')[0m
  [1m[35m (0.8ms)[0m  [1m[35mCOMMIT[0m
  [1m[35m (0.4ms)[0m  [1m[35mBEGIN[0m
  [1m[36mAdmin Load (0.5ms)[0m  [1m[34mSELECT  `admins`.* FROM `admins` WHERE `admins`.`id` = 1 LIMIT 1[0m
  [1m[35mSQL (0.6ms)[0m  [1m[32mINSERT INTO `products` (`admin_id`, `name`, `description`, `price`, `image`, `created_at`, `updated_at`) VALUES (1, 'Now Sleeps the Crimson Petal', 'æ ã˜ã‚‡ã†ã ã›ã‚“ãŸãã™ã‚‹ã€‚ã€€ãŸã„ã• ã˜ã˜ã‚‡ã§ã‚“ è©±ã€‚', 26712, 'image.jpg', '2019-11-12 00:03:07', '2019-11-12 00:03:07')[0m
  [1m[35m (0.8ms)[0m  [1m[35mCOMMIT[0m
  [1m[35m (0.4ms)[0m  [1m[35mBEGIN[0m
  [1m[36mAdmin Load (0.5ms)[0m  [1m[34mSELECT  `admins`.* FROM `admins` WHERE `admins`.`id` = 1 LIMIT 1[0m
  [1m[35mSQL (0.4ms)[0m  [1m[32mINSERT INTO `products` (`admin_id`, `name`, `description`, `price`, `image`, `created_at`, `updated_at`) VALUES (1, 'Great Work of Time', 'ãªã„ã—ã‚‡ã°ãªã— ã‹ã£ã“ã† è¦‹å½“ãŸã‚‹ã€‚ã€€ç–¾èµ° ã”ã†ã‘ã‚“ ãã‚‡ã†ãµã€‚', 13551, 'image.jpg', '2019-11-12 00:03:07', '2019-11-12 00:03:07')[0m
  [1m[35m (1.0ms)[0m  [1m[35mCOMMIT[0m
  [1m[35m (0.5ms)[0m  [1m[35mBEGIN[0m
  [1m[36mAdmin Load (0.5ms)[0m  [1m[34mSELECT  `admins`.* FROM `admins` WHERE `admins`.`id` = 1 LIMIT 1[0m
  [1m[35mSQL (0.4ms)[0m  [1m[32mINSERT INTO `products` (`admin_id`, `name`, `description`, `price`, `image`, `created_at`, `updated_at`) VALUES (1, 'The Daffodil Sky', 'ã¤ã°ã• éƒ¨é¦– ã‚ã³ã‚‹ã€‚ã€€é–‹é–‰ ã‹ã„ãžã ãŠãã‚ƒãã•ã‚“ã€‚', 56370, 'image.jpg', '2019-11-12 00:03:07', '2019-11-12 00:03:07')[0m
  [1m[35m (0.7ms)[0m  [1m[35mCOMMIT[0m
  [1m[35m (0.4ms)[0m  [1m[35mBEGIN[0m
  [1m[36mAdmin Load (0.6ms)[0m  [1m[34mSELECT  `admins`.* FROM `admins` WHERE `admins`.`id` = 1 LIMIT 1[0m
  [1m[35mSQL (0.4ms)[0m  [1m[32mINSERT INTO `products` (`admin_id`, `name`, `description`, `price`, `image`, `created_at`, `updated_at`) VALUES (1, 'Pale Kings and Princes', 'ã ãã‚Šã‚…ã† ã‚„ã—ãªã† ã¨ã‚Šã‚ãˆãšã€‚ã€€èª˜æƒ‘ ã—ã‚‡ãã‚“ ãžãã”ã€‚', 30288, 'image.jpg', '2019-11-12 00:03:07', '2019-11-12 00:03:07')[0m
  [1m[35m (1.1ms)[0m  [1m[35mCOMMIT[0m
  [1m[35m (0.5ms)[0m  [1m[35mBEGIN[0m
  [1m[36mAdmin Load (0.5ms)[0m  [1m[34mSELECT  `admins`.* FROM `admins` WHERE `admins`.`id` = 1 LIMIT 1[0m
  [1m[35mSQL (0.6ms)[0m  [1m[32mINSERT INTO `products` (`admin_id`, `name`, `description`, `price`, `image`, `created_at`, `updated_at`) VALUES (1, 'Infinite Jest', 'åŽŸæ²¹ ã‹ã‚“ãœã‚“ å¯®ç”Ÿã€‚ã€€åŒ å ±ã˜ã‚‹ ã‚ã„ãŒã‚‰ã€‚', 72863, 'image.jpg', '2019-11-12 00:03:08', '2019-11-12 00:03:08')[0m
  [1m[35m (0.9ms)[0m  [1m[35mCOMMIT[0m
  [1m[35m (0.5ms)[0m  [1m[35mBEGIN[0m
  [1m[36mAdmin Load (0.5ms)[0m  [1m[34mSELECT  `admins`.* FROM `admins` WHERE `admins`.`id` = 1 LIMIT 1[0m
  [1m[35mSQL (0.5ms)[0m  [1m[32mINSERT INTO `products` (`admin_id`, `name`, `description`, `price`, `image`, `created_at`, `updated_at`) VALUES (1, 'Frequent Hearses', 'ã‚ã¤ã„ è‰²ç›² å»‰ä¾¡ã€‚ã€€ã‹ã‚“ã—ã‚“ ã„ã æŠ•è³‡ã€‚', 74817, 'image.jpg', '2019-11-12 00:03:08', '2019-11-12 00:03:08')[0m
  [1m[35m (0.8ms)[0m  [1m[35mCOMMIT[0m
  [1m[35m (0.5ms)[0m  [1m[35mBEGIN[0m
  [1m[36mAdmin Load (0.5ms)[0m  [1m[34mSELECT  `admins`.* FROM `admins` WHERE `admins`.`id` = 1 LIMIT 1[0m
  [1m[35mSQL (0.4ms)[0m  [1m[32mINSERT INTO `products` (`admin_id`, `name`, `description`, `price`, `image`, `created_at`, `updated_at`) VALUES (1, 'After Many a Summer Dies the Swan', 'ä¹æ—¥ é€† å‚‘ä½œã€‚ã€€é‹ã¶ ã‘ã—ã é–‰ã‚ã‚‹ã€‚', 76086, 'image.jpg', '2019-11-12 00:03:08', '2019-11-12 00:03:08')[0m
  [1m[35m (0.9ms)[0m  [1m[35mCOMMIT[0m
  [1m[35m (0.6ms)[0m  [1m[35mBEGIN[0m
  [1m[36mAdmin Load (0.5ms)[0m  [1m[34mSELECT  `admins`.* FROM `admins` WHERE `admins`.`id` = 1 LIMIT 1[0m
  [1m[35mSQL (0.5ms)[0m  [1m[32mINSERT INTO `products` (`admin_id`, `name`, `description`, `price`, `image`, `created_at`, `updated_at`) VALUES (1, 'I Will Fear No Evil', 'ã¤ã†ã‚„ã ã‹ã‚“ã—ã‚“ ãƒ•ãƒ©ãƒ³ã‚¹èªžã€‚ã€€ã¶ã£ãã‚‡ã† ã‹ã„ãŸã è¦‹å½“ãŸã‚‹ã€‚', 86940, 'image.jpg', '2019-11-12 00:03:08', '2019-11-12 00:03:08')[0m
  [1m[35m (0.7ms)[0m  [1m[35mCOMMIT[0m
  [1m[35m (0.4ms)[0m  [1m[35mBEGIN[0m
  [1m[36mAdmin Load (0.6ms)[0m  [1m[34mSELECT  `admins`.* FROM `admins` WHERE `admins`.`id` = 1 LIMIT 1[0m
  [1m[35mSQL (0.5ms)[0m  [1m[32mINSERT INTO `products` (`admin_id`, `name`, `description`, `price`, `image`, `created_at`, `updated_at`) VALUES (1, 'Moab Is My Washpot', 'å³åˆ©ã æš´åŠ› æŒ‡ç´‹ã€‚ã€€ãŠã‹ã­ ãŠã‚Šã‚ å¤ªã‚‹ã€‚', 74641, 'image.jpg', '2019-11-12 00:03:08', '2019-11-12 00:03:08')[0m
  [1m[35m (1.0ms)[0m  [1m[35mCOMMIT[0m
  [1m[35m (0.4ms)[0m  [1m[35mBEGIN[0m
  [1m[36mAdmin Load (0.5ms)[0m  [1m[34mSELECT  `admins`.* FROM `admins` WHERE `admins`.`id` = 1 LIMIT 1[0m
  [1m[35mSQL (0.5ms)[0m  [1m[32mINSERT INTO `products` (`admin_id`, `name`, `description`, `price`, `image`, `created_at`, `updated_at`) VALUES (1, 'East of Eden', 'è„±ç¨Ž æš´åŠ› äººæ€§ã€‚ã€€å¥‡è¥² ãã’ã‚“ã” ã¡ã‚ã‚“ã€‚', 87958, 'image.jpg', '2019-11-12 00:03:08', '2019-11-12 00:03:08')[0m
  [1m[35m (0.8ms)[0m  [1m[35mCOMMIT[0m
  [1m[35m (0.4ms)[0m  [1m[35mBEGIN[0m
  [1m[36mAdmin Load (0.8ms)[0m  [1m[34mSELECT  `admins`.* FROM `admins` WHERE `admins`.`id` = 1 LIMIT 1[0m
  [1m[35mSQL (0.5ms)[0m  [1m[32mINSERT INTO `products` (`admin_id`, `name`, `description`, `price`, `image`, `created_at`, `updated_at`) VALUES (1, 'The Green Bay Tree', 'ã‹ã„ãŸã ã“ã†ã¡ã‚‡ã ç¾Šæ¯›ã€‚ã€€åŠ©æ‰‹ ã‚ã¤ã‹ã„ æµ¸ã™ã€‚', 93678, 'image.jpg', '2019-11-12 00:03:09', '2019-11-12 00:03:09')[0m
  [1m[35m (0.8ms)[0m  [1m[35mCOMMIT[0m
  [1m[35m (0.4ms)[0m  [1m[35mBEGIN[0m
  [1m[36mAdmin Load (0.8ms)[0m  [1m[34mSELECT  `admins`.* FROM `admins` WHERE `admins`.`id` = 1 LIMIT 1[0m
  [1m[35mSQL (0.5ms)[0m  [1m[32mINSERT INTO `products` (`admin_id`, `name`, `description`, `price`, `image`, `created_at`, `updated_at`) VALUES (1, 'Death Be Not Proud', 'ã›ã‚“ã˜ã‚‡ã†ã–ã„ ã¡ãˆã‚“ ææ¡ˆã™ã‚‹ã€‚ã€€ã­ã‚“ã˜ã‚…ã† ã¼ã†ãš ä¹æ—¥ã€‚', 4763, 'image.jpg', '2019-11-12 00:03:09', '2019-11-12 00:03:09')[0m
  [1m[35m (0.6ms)[0m  [1m[35mCOMMIT[0m
  [1m[35m (0.5ms)[0m  [1m[35mBEGIN[0m
  [1m[36mAdmin Load (0.5ms)[0m  [1m[34mSELECT  `admins`.* FROM `admins` WHERE `admins`.`id` = 1 LIMIT 1[0m
  [1m[35mSQL (0.4ms)[0m  [1m[32mINSERT INTO `products` (`admin_id`, `name`, `description`, `price`, `image`, `created_at`, `updated_at`) VALUES (1, 'It\'s a Battlefield', 'å¤§å°‰ ãã‚“ã–ã„ æ®»ã€‚ã€€é­”æ³• ã²ãŒã„ æ™®åŠã€‚', 97430, 'image.jpg', '2019-11-12 00:03:09', '2019-11-12 00:03:09')[0m
  [1m[35m (0.7ms)[0m  [1m[35mCOMMIT[0m
  [1m[35m (0.5ms)[0m  [1m[35mBEGIN[0m
  [1m[36mAdmin Load (0.5ms)[0m  [1m[34mSELECT  `admins`.* FROM `admins` WHERE `admins`.`id` = 1 LIMIT 1[0m
  [1m[35mSQL (0.4ms)[0m  [1m[32mINSERT INTO `products` (`admin_id`, `name`, `description`, `price`, `image`, `created_at`, `updated_at`) VALUES (1, 'Dying of the Light', 'åŠ©æ‰‹ ã¯ã‚“ã ã‚“ã™ã‚‹ ã‚ã„ã—ã€‚ã€€ã¡ã‚‡ã•ãã‘ã‚“ ç¦æ ¹ ä¹—ã›ã‚‹ã€‚', 76910, 'image.jpg', '2019-11-12 00:03:09', '2019-11-12 00:03:09')[0m
  [1m[35m (0.7ms)[0m  [1m[35mCOMMIT[0m
  [1m[35m (0.7ms)[0m  [1m[35mBEGIN[0m
  [1m[36mAdmin Load (2.4ms)[0m  [1m[34mSELECT  `admins`.* FROM `admins` WHERE `admins`.`id` = 1 LIMIT 1[0m
  [1m[35mSQL (0.6ms)[0m  [1m[32mINSERT INTO `products` (`admin_id`, `name`, `description`, `price`, `image`, `created_at`, `updated_at`) VALUES (1, 'Antic Hay', 'ãŸã‚Œã‚‹ ã» ãã ã¦ã‚‹ã€‚ã€€ã‘ã„ã‚€ã—ã‚‡ ã›ã„ã—ã‚“ é­”æ³•ã€‚', 13701, 'image.jpg', '2019-11-12 00:03:09', '2019-11-12 00:03:09')[0m
  [1m[35m (0.8ms)[0m  [1m[35mCOMMIT[0m
  [1m[35m (0.4ms)[0m  [1m[35mBEGIN[0m
  [1m[36mAdmin Load (0.6ms)[0m  [1m[34mSELECT  `admins`.* FROM `admins` WHERE `admins`.`id` = 1 LIMIT 1[0m
  [1m[35mSQL (0.5ms)[0m  [1m[32mINSERT INTO `products` (`admin_id`, `name`, `description`, `price`, `image`, `created_at`, `updated_at`) VALUES (1, 'Dance Dance Dance', 'è¼¸å‡º ãŠã‹ã­ ã˜ã‚…ã†ã‚‰ã„ã€‚ã€€ã‚€ã“ã† ã˜ã‚‡ã†ã˜ã‚…ã‚“ æ€¥é¨°ã€‚', 69882, 'image.jpg', '2019-11-12 00:03:10', '2019-11-12 00:03:10')[0m
  [1m[35m (0.7ms)[0m  [1m[35mCOMMIT[0m
  [1m[35m (0.4ms)[0m  [1m[35mBEGIN[0m
  [1m[36mAdmin Load (0.5ms)[0m  [1m[34mSELECT  `admins`.* FROM `admins` WHERE `admins`.`id` = 1 LIMIT 1[0m
  [1m[35mSQL (0.5ms)[0m  [1m[32mINSERT INTO `products` (`admin_id`, `name`, `description`, `price`, `image`, `created_at`, `updated_at`) VALUES (1, 'The Way of All Flesh', 'æ´‹æœ ã‚ˆãã’ã¤ ã—ã‚‡ãã‚“ã€‚ã€€å³ç¿¼ åº• ã—ã‚‡ã†ã‚Šã‚ƒãã€‚', 11617, 'image.jpg', '2019-11-12 00:03:10', '2019-11-12 00:03:10')[0m
  [1m[35m (1.0ms)[0m  [1m[35mCOMMIT[0m
  [1m[35m (0.4ms)[0m  [1m[35mBEGIN[0m
  [1m[36mAdmin Load (0.5ms)[0m  [1m[34mSELECT  `admins`.* FROM `admins` WHERE `admins`.`id` = 1 LIMIT 1[0m
  [1m[35mSQL (0.4ms)[0m  [1m[32mINSERT INTO `products` (`admin_id`, `name`, `description`, `price`, `image`, `created_at`, `updated_at`) VALUES (1, 'Fair Stood the Wind for France', 'ãšã„ã¶ã‚“ ã¨ã†ã ã‚€ã“ã†ã€‚ã€€é…æ…® æ¸›ä¿¸ ã‹ãŠã¤ãã€‚', 34808, 'image.jpg', '2019-11-12 00:03:10', '2019-11-12 00:03:10')[0m
  [1m[35m (1.0ms)[0m  [1m[35mCOMMIT[0m
  [1m[35m (0.4ms)[0m  [1m[35mBEGIN[0m
  [1m[36mAdmin Load (0.6ms)[0m  [1m[34mSELECT  `admins`.* FROM `admins` WHERE `admins`.`id` = 1 LIMIT 1[0m
  [1m[35mSQL (0.5ms)[0m  [1m[32mINSERT INTO `products` (`admin_id`, `name`, `description`, `price`, `image`, `created_at`, `updated_at`) VALUES (1, 'Fair Stood the Wind for France', 'å…ˆãš è‡ªå®… æ¶²ä½“ã€‚ã€€ã‚ã³ã‚‹ é­…åŠ› ã‹ãŠã¤ãã€‚', 41599, 'image.jpg', '2019-11-12 00:03:10', '2019-11-12 00:03:10')[0m
  [1m[35m (0.7ms)[0m  [1m[35mCOMMIT[0m
  [1m[35m (0.5ms)[0m  [1m[35mBEGIN[0m
  [1m[36mAdmin Load (0.6ms)[0m  [1m[34mSELECT  `admins`.* FROM `admins` WHERE `admins`.`id` = 1 LIMIT 1[0m
  [1m[35mSQL (0.7ms)[0m  [1m[32mINSERT INTO `products` (`admin_id`, `name`, `description`, `price`, `image`, `created_at`, `updated_at`) VALUES (1, 'The Man Within', 'ã¯ã£ã½ã† ãŠã‚Šã‚ ã©ã‚ã€‚ã€€æ€¥é¨° ã»ã«ã‚…ã†ã³ã‚“ ãã‚‡ã†ã©ã†ã€‚', 57578, 'image.jpg', '2019-11-12 00:03:10', '2019-11-12 00:03:10')[0m
  [1m[35m (0.8ms)[0m  [1m[35mCOMMIT[0m
  [1m[35m (0.4ms)[0m  [1m[35mBEGIN[0m
  [1m[36mAdmin Load (0.7ms)[0m  [1m[34mSELECT  `admins`.* FROM `admins` WHERE `admins`.`id` = 1 LIMIT 1[0m
  [1m[35mSQL (0.5ms)[0m  [1m[32mINSERT INTO `products` (`admin_id`, `name`, `description`, `price`, `image`, `created_at`, `updated_at`) VALUES (1, 'The Wind\'s Twelve Quarters', 'ä¿µ ã‹ã„ã˜ã‚…ã† ä»¥ä¸‹ã€‚ã€€ã‚ã‚‰ãã† åŽŸæ²¹ ã¶ãã€‚', 5519, 'image.jpg', '2019-11-12 00:03:10', '2019-11-12 00:03:10')[0m
  [1m[35m (0.9ms)[0m  [1m[35mCOMMIT[0m
  [1m[35m (0.5ms)[0m  [1m[35mBEGIN[0m
  [1m[36mAdmin Load (0.6ms)[0m  [1m[34mSELECT  `admins`.* FROM `admins` WHERE `admins`.`id` = 1 LIMIT 1[0m
  [1m[35mSQL (0.5ms)[0m  [1m[32mINSERT INTO `products` (`admin_id`, `name`, `description`, `price`, `image`, `created_at`, `updated_at`) VALUES (1, 'A Time to Kill', 'ãƒ•ãƒ©ãƒ³ã‚¹äºº ã‚ã„ã— æ­¯ã‚’ç£¨ãã€‚ã€€ã„ã† ã«ã‚“ã„ ã ãã‚Šã‚…ã†ã€‚', 97830, 'image.jpg', '2019-11-12 00:03:11', '2019-11-12 00:03:11')[0m
  [1m[35m (0.9ms)[0m  [1m[35mCOMMIT[0m
  [1m[35m (0.6ms)[0m  [1m[35mBEGIN[0m
  [1m[36mAdmin Load (0.5ms)[0m  [1m[34mSELECT  `admins`.* FROM `admins` WHERE `admins`.`id` = 1 LIMIT 1[0m
  [1m[35mSQL (0.4ms)[0m  [1m[32mINSERT INTO `products` (`admin_id`, `name`, `description`, `price`, `image`, `created_at`, `updated_at`) VALUES (1, 'What\'s Become of Waring', 'ãã‚‡ã ã„ ã˜ãŽã™ã‚‹ åº—èˆ—ã€‚ã€€æ¸¦å·»ã ã©ã†ã‘ã¤ ã¯ã ã‹ã€‚', 26515, 'image.jpg', '2019-11-12 00:03:11', '2019-11-12 00:03:11')[0m
  [1m[35m (0.8ms)[0m  [1m[35mCOMMIT[0m
  [1m[35m (0.5ms)[0m  [1m[35mBEGIN[0m
  [1m[36mAdmin Load (0.5ms)[0m  [1m[34mSELECT  `admins`.* FROM `admins` WHERE `admins`.`id` = 1 LIMIT 1[0m
  [1m[35mSQL (0.5ms)[0m  [1m[32mINSERT INTO `products` (`admin_id`, `name`, `description`, `price`, `image`, `created_at`, `updated_at`) VALUES (1, 'Tender Is the Night', 'ã¯ã¡ã¾ã å ±ã˜ã‚‹ ã˜ã˜ã‚‡ã§ã‚“ã€‚ã€€è©•ä¾¡ ã»ã†ã›ã è³¢æ˜Žã€‚', 3006, 'image.jpg', '2019-11-12 00:03:11', '2019-11-12 00:03:11')[0m
  [1m[35m (1.3ms)[0m  [1m[35mCOMMIT[0m
  [1m[35m (0.5ms)[0m  [1m[35mBEGIN[0m
  [1m[36mAdmin Load (0.5ms)[0m  [1m[34mSELECT  `admins`.* FROM `admins` WHERE `admins`.`id` = 1 LIMIT 1[0m
  [1m[35mSQL (0.5ms)[0m  [1m[32mINSERT INTO `products` (`admin_id`, `name`, `description`, `price`, `image`, `created_at`, `updated_at`) VALUES (1, 'O Pioneers!', 'å €å· ã˜ã‚‡ã†ã ã‚“ ã‹ã‚“ã˜ã‚‹ã€‚ã€€ã€œäº­ æžœæ¨¹ æ˜¥ä¼‘ã¿ã€‚', 9221, 'image.jpg', '2019-11-12 00:03:11', '2019-11-12 00:03:11')[0m
  [1m[35m (0.8ms)[0m  [1m[35mCOMMIT[0m
  [1m[35m (0.7ms)[0m  [1m[35mBEGIN[0m
  [1m[36mAdmin Load (0.5ms)[0m  [1m[34mSELECT  `admins`.* FROM `admins` WHERE `admins`.`id` = 1 LIMIT 1[0m
  [1m[35mSQL (0.4ms)[0m  [1m[32mINSERT INTO `products` (`admin_id`, `name`, `description`, `price`, `image`, `created_at`, `updated_at`) VALUES (1, 'O Pioneers!', 'æµ…ã„ åº• ã‚ã³ã‚‹ã€‚ã€€ã‚ãã‚Œã„ ä¸‹ã•ã„ ãŠç›†ã€‚', 12686, 'image.jpg', '2019-11-12 00:03:11', '2019-11-12 00:03:11')[0m
  [1m[35m (0.6ms)[0m  [1m[35mCOMMIT[0m
  [1m[35m (0.3ms)[0m  [1m[35mBEGIN[0m
  [1m[36mAdmin Load (0.5ms)[0m  [1m[34mSELECT  `admins`.* FROM `admins` WHERE `admins`.`id` = 1 LIMIT 1[0m
  [1m[35mSQL (0.4ms)[0m  [1m[32mINSERT INTO `products` (`admin_id`, `name`, `description`, `price`, `image`, `created_at`, `updated_at`) VALUES (1, 'The Golden Apples of the Sun', 'èŠ¸è€… è¦ªåˆ‡ ã“ã®é ƒã€‚ã€€ã„ã¡ã ã„ æ†‚ã„ è‰²ç›²ã€‚', 54160, 'image.jpg', '2019-11-12 00:03:12', '2019-11-12 00:03:12')[0m
  [1m[35m (0.7ms)[0m  [1m[35mCOMMIT[0m
  [1m[35m (0.6ms)[0m  [1m[35mBEGIN[0m
  [1m[36mAdmin Load (0.5ms)[0m  [1m[34mSELECT  `admins`.* FROM `admins` WHERE `admins`.`id` = 1 LIMIT 1[0m
  [1m[35mSQL (0.4ms)[0m  [1m[32mINSERT INTO `products` (`admin_id`, `name`, `description`, `price`, `image`, `created_at`, `updated_at`) VALUES (1, 'Gone with the Wind', 'é–å›½ç¥žç¤¾ ãƒ•ãƒ©ãƒ³ã‚¹èªž é»™ã‚‹ã€‚ã€€åŠé¡ ã˜ãžã† ã‚Šã‚‡ã†ã©ã€‚', 50349, 'image.jpg', '2019-11-12 00:03:12', '2019-11-12 00:03:12')[0m
  [1m[35m (0.7ms)[0m  [1m[35mCOMMIT[0m
  [1m[35m (0.6ms)[0m  [1m[35mBEGIN[0m
  [1m[36mAdmin Load (0.5ms)[0m  [1m[34mSELECT  `admins`.* FROM `admins` WHERE `admins`.`id` = 1 LIMIT 1[0m
  [1m[35mSQL (0.4ms)[0m  [1m[32mINSERT INTO `products` (`admin_id`, `name`, `description`, `price`, `image`, `created_at`, `updated_at`) VALUES (1, 'The Heart Is a Lonely Hunter', 'ä¸‹ã•ã„ ã¼ã†ãš ã„ã¤é ƒã€‚ã€€ã¤ã å•é¡Œ ã‚ã—ãã³ã€‚', 1435, 'image.jpg', '2019-11-12 00:03:12', '2019-11-12 00:03:12')[0m
  [1m[35m (0.7ms)[0m  [1m[35mCOMMIT[0m
  [1m[35m (0.4ms)[0m  [1m[35mBEGIN[0m
  [1m[36mAdmin Load (0.9ms)[0m  [1m[34mSELECT  `admins`.* FROM `admins` WHERE `admins`.`id` = 1 LIMIT 1[0m
  [1m[35mSQL (0.4ms)[0m  [1m[32mINSERT INTO `products` (`admin_id`, `name`, `description`, `price`, `image`, `created_at`, `updated_at`) VALUES (1, 'Jesting Pilate', 'ã¿ã•ã ã¡ãã‚…ã† ã‹ã„ãžãã€‚ã€€ã‚ã„ã—ã‚‡ æžœã¦ã‚‹ ã»ã‚“ã‚‰ã„ã€‚', 84874, 'image.jpg', '2019-11-12 00:03:12', '2019-11-12 00:03:12')[0m
  [1m[35m (0.6ms)[0m  [1m[35mCOMMIT[0m
  [1m[35m (0.6ms)[0m  [1m[35mBEGIN[0m
  [1m[36mAdmin Load (0.6ms)[0m  [1m[34mSELECT  `admins`.* FROM `admins` WHERE `admins`.`id` = 1 LIMIT 1[0m
  [1m[35mSQL (0.4ms)[0m  [1m[32mINSERT INTO `products` (`admin_id`, `name`, `description`, `price`, `image`, `created_at`, `updated_at`) VALUES (1, 'O Pioneers!', 'è¦‹å½“ãŸã‚‹ é¦¬é¹¿é¦¬é¹¿ã—ã„ ã„ã†ã€‚ã€€è¦ªåˆ‡ ã‚ˆã¼ã† ã‚ã—ãã³ã€‚', 81966, 'image.jpg', '2019-11-12 00:03:12', '2019-11-12 00:03:12')[0m
  [1m[35m (0.7ms)[0m  [1m[35mCOMMIT[0m
  [1m[35m (0.4ms)[0m  [1m[35mBEGIN[0m
  [1m[36mAdmin Load (0.5ms)[0m  [1m[34mSELECT  `admins`.* FROM `admins` WHERE `admins`.`id` = 1 LIMIT 1[0m
  [1m[35mSQL (0.6ms)[0m  [1m[32mINSERT INTO `products` (`admin_id`, `name`, `description`, `price`, `image`, `created_at`, `updated_at`) VALUES (1, 'A Passage to India', 'ãŸã¤ ã—ã‚ƒãã‚„, ã—ã‚ƒã£ã‹ é¦¬ã€‚ã€€ã» ã¯ãªã¯ã  ã¨ãã«ã€‚', 50664, 'image.jpg', '2019-11-12 00:03:12', '2019-11-12 00:03:12')[0m
  [1m[35m (0.7ms)[0m  [1m[35mCOMMIT[0m
  [1m[35m (0.6ms)[0m  [1m[35mBEGIN[0m
  [1m[36mAdmin Load (0.6ms)[0m  [1m[34mSELECT  `admins`.* FROM `admins` WHERE `admins`.`id` = 1 LIMIT 1[0m
  [1m[35mSQL (0.5ms)[0m  [1m[32mINSERT INTO `products` (`admin_id`, `name`, `description`, `price`, `image`, `created_at`, `updated_at`) VALUES (1, 'Blood\'s a Rover', 'ç¾Šæ¯› ã‚Œã¤ã‚ã å¼±è™«ã€‚ã€€ã—ãã‚‚ã† å½¢ ä¼çµ±ã€‚', 29395, 'image.jpg', '2019-11-12 00:03:13', '2019-11-12 00:03:13')[0m
  [1m[35m (0.9ms)[0m  [1m[35mCOMMIT[0m
  [1m[35m (0.3ms)[0m  [1m[35mBEGIN[0m
  [1m[36mAdmin Load (0.5ms)[0m  [1m[34mSELECT  `admins`.* FROM `admins` WHERE `admins`.`id` = 1 LIMIT 1[0m
  [1m[35mSQL (0.4ms)[0m  [1m[32mINSERT INTO `products` (`admin_id`, `name`, `description`, `price`, `image`, `created_at`, `updated_at`) VALUES (1, 'The Torment of Others', 'ã¡ãˆã‚“ æ¼ ç„¶ æ˜¥ä¼‘ã¿ã€‚ã€€ã—ã‚‡ã†ã‚Šã‚ƒã èŠ½ é™³åˆ—å®¤ã€‚', 69288, 'image.jpg', '2019-11-12 00:03:13', '2019-11-12 00:03:13')[0m
  [1m[35m (0.7ms)[0m  [1m[35mCOMMIT[0m
Started GET "/" for 172.28.0.1 at 2019-11-12 00:03:18 +0000
Cannot render console from 172.28.0.1! Allowed networks: 122.29.85.75, 127.0.0.0/127.255.255.255, ::1
Processing by ProductsController#index as HTML
  Rendering products/index.html.haml within layouts/application
  [1m[35m (0.5ms)[0m  [1m[34mSELECT COUNT(*) FROM `products`[0m
  [1m[36mProduct Load (0.5ms)[0m  [1m[34mSELECT  `products`.* FROM `products` LIMIT 20 OFFSET 0[0m
  Rendered products/index.html.haml within layouts/application (189.4ms)
Completed 200 OK in 325ms (Views: 299.3ms | ActiveRecord: 6.0ms)


Started GET "/users/sign_in" for 172.28.0.1 at 2019-11-12 00:03:42 +0000
Cannot render console from 172.28.0.1! Allowed networks: 122.29.85.75, 127.0.0.0/127.255.255.255, ::1
Processing by Devise::SessionsController#new as HTML
  Rendering users/sessions/new.html.haml within layouts/application
  Rendered /usr/local/bundle/gems/devise-bootstrap-views-1.1.0/app/views/devise/shared/_links.html.erb (1.5ms)
  Rendered users/sessions/new.html.haml within layouts/application (27.2ms)
Completed 200 OK in 184ms (Views: 148.4ms | ActiveRecord: 8.2ms)


Started GET "/users/sign_up" for 172.28.0.1 at 2019-11-12 00:03:49 +0000
Cannot render console from 172.28.0.1! Allowed networks: 122.29.85.75, 127.0.0.0/127.255.255.255, ::1
Processing by Devise::RegistrationsController#new as HTML
  Rendering users/registrations/new.html.haml within layouts/application
DEPRECATION WARNING: [Devise] `DeviseHelper.devise_error_messages!`
is deprecated and it will be removed in the next major version.
To customize the errors styles please run `rails g devise:views` and modify the
`devise/shared/error_messages` partial.
 (called from block in _app_views_users_registrations_new_html_haml__2302142612350612943_69949887735260 at /myapp/app/views/users/registrations/new.html.haml:6)
  Rendered /usr/local/bundle/gems/devise-bootstrap-views-1.1.0/app/views/devise/shared/_links.html.erb (1.3ms)
  Rendered users/registrations/new.html.haml within layouts/application (13.4ms)
Completed 200 OK in 170ms (Views: 168.1ms | ActiveRecord: 0.0ms)


Started POST "/users" for 172.28.0.1 at 2019-11-12 00:04:01 +0000
Cannot render console from 172.28.0.1! Allowed networks: 122.29.85.75, 127.0.0.0/127.255.255.255, ::1
Processing by Devise::RegistrationsController#create as HTML
  Parameters: {"utf8"=>"âœ“", "authenticity_token"=>"Tq7OYcVr1nwwa7xprBfWUonxm7Z6PgSUJjYG+KryoXoxOYCvKSiWe3bImg/A+iRyd92qwHz1qWmOzDoUXD0jqw==", "user"=>{"email"=>"crazysimpleplanperfect@yahoo.co.jp", "password"=>"[FILTERED]", "password_confirmation"=>"[FILTERED]"}, "commit"=>"ã‚¢ã‚«ã‚¦ãƒ³ãƒˆç™»éŒ²"}
  [1m[35m (0.4ms)[0m  [1m[35mBEGIN[0m
  [1m[36mUser Exists (0.6ms)[0m  [1m[34mSELECT  1 AS one FROM `users` WHERE `users`.`email` = BINARY 'crazysimpleplanperfect@yahoo.co.jp' LIMIT 1[0m
  [1m[35mSQL (0.8ms)[0m  [1m[32mINSERT INTO `users` (`email`, `encrypted_password`, `confirmation_token`, `confirmation_sent_at`, `created_at`, `updated_at`) VALUES ('crazysimpleplanperfect@yahoo.co.jp', '$2a$11$fBfMrnvYQlK95/4o8BqMHeqxsMS63vmi6TU3HeKTGYpRE3dCQpUh.', 'XoMMjBg8Qc97e-a8_eUw', '2019-11-12 00:04:02', '2019-11-12 00:04:02', '2019-11-12 00:04:02')[0m
  [1m[35m (0.9ms)[0m  [1m[35mCOMMIT[0m
  Rendering users/mailer/confirmation_instructions.html.haml
  Rendered users/mailer/confirmation_instructions.html.haml (3.3ms)
Devise::Mailer#confirmation_instructions: processed outbound mail in 407.3ms
Sent mail to crazysimpleplanperfect@yahoo.co.jp (33.6ms)
Date: Tue, 12 Nov 2019 00:04:03 +0000
From: please-change-me-at-config-initializers-devise@example.com
Reply-To: please-change-me-at-config-initializers-devise@example.com
To: crazysimpleplanperfect@yahoo.co.jp
Message-ID: <5dc9f6f3572b_12aca687c68409538f@cadd25504c20.mail>
Subject: =?UTF-8?Q?=E3=82=A2=E3=82=AB=E3=82=A6=E3=83=B3=E3=83=88=E3=81=AE=E6=9C=89=E5=8A=B9=E5=8C=96=E3=81=AB=E3=81=A4=E3=81=84=E3=81=A6?=
Mime-Version: 1.0
Content-Type: text/html;
 charset=UTF-8
Content-Transfer-Encoding: base64

PHA+Y3JhenlzaW1wbGVwbGFucGVyZmVjdEB5YWhvby5jby5qcOanmDwvcD4N
CjxwPuS7peS4i+OBruODquODs+OCr+OCkuOCr+ODquODg+OCr+OBl+OAgeOD
oeODvOODq+OCouODieODrOOCueOBrueiuuiqjeaJi+e2muOCkuWujOS6huOB
leOBm+OBpuOBj+OBoOOBleOBhOOAgjwvcD4NCjxwPjxhIGhyZWY9Imh0dHBz
Oi8vYjBkYTJiYjRkYjE0NGNmYThiYmM3NTA5MmQ5OTNhOTYudmZzLmNsb3Vk
OS5hcC1ub3J0aGVhc3QtMS5hbWF6b25hd3MuY29tLy91c2Vycy9jb25maXJt
YXRpb24/Y29uZmlybWF0aW9uX3Rva2VuPVhvTU1qQmc4UWM5N2UtYThfZVV3
Ij4uYWN0aW9uPC9hPjwvcD4NCg==

Redirected to http://localhost:3000/
Completed 302 Found in 1151ms (ActiveRecord: 2.7ms)


Started GET "/" for 172.28.0.1 at 2019-11-12 00:04:03 +0000
Cannot render console from 172.28.0.1! Allowed networks: 122.29.85.75, 127.0.0.0/127.255.255.255, ::1
Processing by ProductsController#index as HTML
  Rendering products/index.html.haml within layouts/application
  [1m[35m (0.6ms)[0m  [1m[34mSELECT COUNT(*) FROM `products`[0m
  [1m[36mProduct Load (0.5ms)[0m  [1m[34mSELECT  `products`.* FROM `products` LIMIT 20 OFFSET 0[0m
  Rendered products/index.html.haml within layouts/application (159.4ms)
Completed 200 OK in 278ms (Views: 258.1ms | ActiveRecord: 1.1ms)


Started GET "/letter_opener" for 172.28.0.1 at 2019-11-12 00:10:30 +0000
Cannot render console from 172.28.0.1! Allowed networks: 122.29.85.75, 127.0.0.0/127.255.255.255, ::1
Processing by LetterOpenerWeb::LettersController#index as HTML
  Rendering /usr/local/bundle/gems/letter_opener_web-1.3.4/app/views/letter_opener_web/letters/index.html.erb within layouts/letter_opener_web/letters
  Rendered /usr/local/bundle/gems/letter_opener_web-1.3.4/app/views/letter_opener_web/letters/index.html.erb within layouts/letter_opener_web/letters (5.3ms)
Completed 200 OK in 806ms (Views: 792.6ms | ActiveRecord: 0.0ms)


Started GET "/letter_opener/1573517043_0246835_0b0bfe6/rich" for 172.28.0.1 at 2019-11-12 00:10:31 +0000
Cannot render console from 172.28.0.1! Allowed networks: 122.29.85.75, 127.0.0.0/127.255.255.255, ::1
Processing by LetterOpenerWeb::LettersController#show as HTML
  Parameters: {"id"=>"1573517043_0246835_0b0bfe6", "style"=>"rich"}
  Rendering html template
  Rendered html template (0.1ms)
Completed 200 OK in 37ms (Views: 18.7ms | ActiveRecord: 0.0ms)


Started GET "/" for 172.28.0.1 at 2019-11-12 00:10:50 +0000
Cannot render console from 172.28.0.1! Allowed networks: 122.29.85.75, 127.0.0.0/127.255.255.255, ::1
Processing by ProductsController#index as HTML
  Rendering products/index.html.haml within layouts/application
  [1m[35m (1.0ms)[0m  [1m[34mSELECT COUNT(*) FROM `products`[0m
  [1m[36mProduct Load (0.9ms)[0m  [1m[34mSELECT  `products`.* FROM `products` LIMIT 20 OFFSET 0[0m
  Rendered products/index.html.haml within layouts/application (174.8ms)
Completed 200 OK in 435ms (Views: 340.9ms | ActiveRecord: 1.9ms)


